7f16c3ac0000-7f16c3ac3000 rw-p 00000000 00:00 0
7f16c3ad0000-7f16c3ad2000 rw-p 00000000 00:00 0
7f16c3ae1000-7f16c3aee000 r--p 00000000 00:00 450586             /lib/x86_64-linux-gnu/libm-2.31.so
7f16c3aee000-7f16c3b95000 r-xp 0000d000 00:00 450586             /lib/x86_64-linux-gnu/libm-2.31.so
7f16c3b95000-7f16c3c2e000 r--p 000b4000 00:00 450586             /lib/x86_64-linux-gnu/libm-2.31.so
7f16c3c2e000-7f16c3c2f000 r--p 0014c000 00:00 450586             /lib/x86_64-linux-gnu/libm-2.31.so
7f16c3c2f000-7f16c3c30000 rw-p 0014d000 00:00 450586             /lib/x86_64-linux-gnu/libm-2.31.so
7f16c3c30000-7f16c3c52000 r--p 00000000 00:00 450584             /lib/x86_64-linux-gnu/libc-2.31.so
7f16c3c52000-7f16c3dca000 r-xp 00022000 00:00 450584             /lib/x86_64-linux-gnu/libc-2.31.so
7f16c3dca000-7f16c3e18000 r--p 0019a000 00:00 450584             /lib/x86_64-linux-gnu/libc-2.31.so
7f16c3e18000-7f16c3e1c000 r--p 001e7000 00:00 450584             /lib/x86_64-linux-gnu/libc-2.31.so
7f16c3e1c000-7f16c3e1e000 rw-p 001eb000 00:00 450584             /lib/x86_64-linux-gnu/libc-2.31.so
7f16c3e1e000-7f16c3e22000 rw-p 00000000 00:00 0
7f16c3e30000-7f16c3e33000 r--p 00000000 00:00 355363             /lib/x86_64-linux-gnu/libgcc_s.so.1
7f16c3e33000-7f16c3e45000 r-xp 00003000 00:00 355363             /lib/x86_64-linux-gnu/libgcc_s.so.1
7f16c3e45000-7f16c3e49000 r--p 00015000 00:00 355363             /lib/x86_64-linux-gnu/libgcc_s.so.1
7f16c3e49000-7f16c3e4a000 r--p 00018000 00:00 355363             /lib/x86_64-linux-gnu/libgcc_s.so.1
7f16c3e4a000-7f16c3e4b000 rw-p 00019000 00:00 355363             /lib/x86_64-linux-gnu/libgcc_s.so.1
7f16c3e50000-7f16c3ee6000 r--p 00000000 00:00 1174               /usr/lib/x86_64-linux-gnu/libstdc++.so.6.0.28
7f16c3ee6000-7f16c3fd7000 r-xp 00096000 00:00 1174               /usr/lib/x86_64-linux-gnu/libstdc++.so.6.0.28
7f16c3fd7000-7f16c4020000 r--p 00187000 00:00 1174               /usr/lib/x86_64-linux-gnu/libstdc++.so.6.0.28
7f16c4020000-7f16c4021000 ---p 001d0000 00:00 1174               /usr/lib/x86_64-linux-gnu/libstdc++.so.6.0.28
7f16c4021000-7f16c402c000 r--p 001d0000 00:00 1174               /usr/lib/x86_64-linux-gnu/libstdc++.so.6.0.28
7f16c402c000-7f16c402f000 rw-p 001db000 00:00 1174               /usr/lib/x86_64-linux-gnu/libstdc++.so.6.0.28
7f16c402f000-7f16c4032000 rw-p 00000000 00:00 0
7f16c4040000-7f16c4041000 r--p 00000000 00:00 450585             /lib/x86_64-linux-gnu/libdl-2.31.so
7f16c4041000-7f16c4043000 r-xp 00001000 00:00 450585             /lib/x86_64-linux-gnu/libdl-2.31.so
7f16c4043000-7f16c4044000 r--p 00003000 00:00 450585             /lib/x86_64-linux-gnu/libdl-2.31.so
7f16c4044000-7f16c4045000 r--p 00003000 00:00 450585             /lib/x86_64-linux-gnu/libdl-2.31.so
7f16c4045000-7f16c4046000 rw-p 00004000 00:00 450585             /lib/x86_64-linux-gnu/libdl-2.31.so
7f16c4050000-7f16c4051000 r--p 00000000 00:00 450579             /lib/x86_64-linux-gnu/ld-2.31.so
7f16c4051000-7f16c4073000 r-xp 00001000 00:00 450579             /lib/x86_64-linux-gnu/ld-2.31.so
7f16c4073000-7f16c4074000 r-xp 00023000 00:00 450579             /lib/x86_64-linux-gnu/ld-2.31.so
7f16c4074000-7f16c407b000 r--p 00024000 00:00 450579             /lib/x86_64-linux-gnu/ld-2.31.so
7f16c407b000-7f16c407c000 r--p 0002b000 00:00 450579             /lib/x86_64-linux-gnu/ld-2.31.so
7f16c407d000-7f16c407e000 r--p 0002c000 00:00 450579             /lib/x86_64-linux-gnu/ld-2.31.so
7f16c407e000-7f16c407f000 rw-p 0002d000 00:00 450579             /lib/x86_64-linux-gnu/ld-2.31.so
7f16c407f000-7f16c4082000 rw-p 00000000 00:00 0
7f16c408b000-7f16c408c000 r--p 00000000 00:00 13659              /mnt/c/Users/Administrator/Desktop/test/cpp
7f16c408c000-7f16c408d000 r-xp 00001000 00:00 13659              /mnt/c/Users/Administrator/Desktop/test/cpp
7f16c408d000-7f16c408e000 r--p 00002000 00:00 13659              /mnt/c/Users/Administrator/Desktop/test/cpp
7f16c408e000-7f16c408f000 r--p 00002000 00:00 13659              /mnt/c/Users/Administrator/Desktop/test/cpp
7f16c408f000-7f16c4090000 rw-p 00003000 00:00 13659              /mnt/c/Users/Administrator/Desktop/test/cpp
7fffd0e05000-7fffd0e26000 rw-p 00000000 00:00 0                  [heap]
7fffd9135000-7fffd9935000 rw-p 00000000 00:00 0                  [stack]
7fffd9ca4000-7fffd9ca5000 r-xp 00000000 00:00 0                  [vdso]
enter func: main father: __libc_start_main
enter func: bar() father: main
enter func: zoo(int) father: bar()
enter func: foo(double) father: zoo(int)
exit func: foo(double) father: zoo(int)
exit func: zoo(int) father: bar()
exit func: bar() father: main
exit func: main father: __libc_start_main
